

times in msec
 clock   self+sourced   self:  sourced script
 clock   elapsed:              other lines

000.012  000.012: --- NVIM STARTING ---
000.166  000.154: event init
000.390  000.224: early init
001.018  000.628: locale set
001.053  000.035: init first window
001.664  000.610: inits 1
001.684  000.020: window checked
001.687  000.003: parsing arguments
002.385  000.131  000.131: require('vim.shared')
002.616  000.054  000.054: require('vim._meta')
002.619  000.229  000.175: require('vim._editor')
002.621  000.417  000.057: require('vim._init_packages')
002.623  000.520: init lua interpreter
004.728  002.104: expanding arguments
004.769  000.041: inits 2
005.143  000.375: init highlight
005.145  000.001: waiting for UI
009.710  004.565: done waiting for UI
009.732  000.022: init screen for UI
009.976  000.245: init default mappings
010.001  000.025: init default autocommands
011.024  000.105  000.105: sourcing /opt/homebrew/Cellar/neovim/0.8.1/share/nvim/runtime/ftplugin.vim
011.178  000.046  000.046: sourcing /opt/homebrew/Cellar/neovim/0.8.1/share/nvim/runtime/indent.vim
011.828  000.379  000.379: require('option')
011.964  000.015  000.015: require('vim.keymap')
012.015  000.184  000.169: require('keymap')
013.152  000.740  000.740: require('lazy')
013.194  000.026  000.026: require('ffi')
013.582  000.384  000.384: require('lazy.core.cache')
015.665  000.092  000.092: require('lazy.core.util')
015.757  000.089  000.089: require('lazy.core.config')
015.874  000.052  000.052: require('lazy.core.handler')
015.878  000.119  000.068: require('lazy.core.loader')
015.939  000.060  000.060: require('lazy.core.plugin')
017.628  000.070  000.070: require('lazy.core.handler.event')
017.632  000.151  000.081: require('lazy.core.handler.ft')
017.696  000.062  000.062: require('lazy.core.handler.cmd')
017.752  000.053  000.053: require('lazy.core.handler.keys')
018.236  000.212  000.212: sourcing /opt/homebrew/Cellar/neovim/0.8.1/share/nvim/runtime/filetype.lua
018.678  000.065  000.065: sourcing /Users/t-zukawa/.local/share/nvim/lazy/committia.vim/plugin/committia.vim
019.848  000.060  000.060: require('mason-core.path')
019.863  000.135  000.075: require('mason.settings')
020.053  000.113  000.113: require('mason-core.functional')
020.187  000.052  000.052: require('mason-core.functional.data')
020.194  000.114  000.063: require('mason-core.functional.function')
020.292  000.084  000.084: require('mason-core.functional.relation')
020.364  000.063  000.063: require('mason-core.functional.logic')
020.384  000.519  000.145: require('mason-core.platform')
020.386  000.783  000.129: require('mason')
020.789  000.237  000.237: require('mason-core.functional.list')
020.821  000.346  000.109: require('mason.api.command')
021.198  000.102  000.102: require('lsp-colors')
021.430  000.366  000.264: sourcing /Users/t-zukawa/.local/share/nvim/lazy/lsp-colors.nvim/plugin/lsp-colors.vim
021.903  000.093  000.093: require('vim.lsp.log')
022.324  000.006  000.006: require('vim.F')
022.326  000.421  000.415: require('vim.lsp.protocol')
022.532  000.079  000.079: require('vim.lsp._snippet')
022.623  000.090  000.090: require('vim.highlight')
022.638  000.310  000.141: require('vim.lsp.util')
022.659  000.924  000.100: require('vim.lsp.handlers')
022.775  000.114  000.114: require('vim.lsp.rpc')
022.818  000.041  000.041: require('vim.lsp.sync')
023.065  000.245  000.245: require('vim.lsp.buf')
023.128  000.061  000.061: require('vim.lsp.diagnostic')
023.182  000.053  000.053: require('vim.lsp.codelens')
023.232  001.646  000.208: require('vim.lsp')
023.282  001.725  000.079: sourcing /Users/t-zukawa/.local/share/nvim/lazy/nvim-lspconfig/plugin/lspconfig.lua
024.521  000.077  000.077: require('tokyonight.treesitter')
024.525  000.128  000.051: require('tokyonight.util')
024.694  000.071  000.071: require('tokyonight.colors')
024.695  000.169  000.098: require('tokyonight.theme')
024.828  000.131  000.131: require('tokyonight.config')
024.830  000.478  000.050: require('tokyonight')
025.200  000.129  000.129: require('vim.diagnostic')
025.347  000.036  000.036: require('vim.treesitter.language')
025.398  000.134  000.098: require('vim.treesitter.query')
025.456  000.057  000.057: require('vim.treesitter.languagetree')
025.492  000.276  000.086: require('vim.treesitter')
025.548  000.054  000.054: require('vim.treesitter.highlighter')
026.400  002.062  001.124: sourcing /Users/t-zukawa/.local/share/nvim/lazy/tokyonight.nvim/colors/tokyonight.lua
026.767  000.015  000.015: sourcing /opt/homebrew/Cellar/neovim/0.8.1/share/nvim/runtime/plugin/health.vim
026.872  000.041  000.041: sourcing /opt/homebrew/Cellar/neovim/0.8.1/share/nvim/runtime/plugin/man.lua
027.103  000.169  000.169: sourcing /opt/homebrew/Cellar/neovim/0.8.1/share/nvim/runtime/plugin/rplugin.vim
027.225  000.062  000.062: sourcing /opt/homebrew/Cellar/neovim/0.8.1/share/nvim/runtime/plugin/shada.vim
027.313  000.024  000.024: sourcing /opt/homebrew/Cellar/neovim/0.8.1/share/nvim/runtime/plugin/spellfile.vim
027.422  015.405  007.756: require('plugins')
027.423  016.008  000.040: sourcing /Users/t-zukawa/.config/nvim/init.lua
027.434  001.273: sourcing vimrc file(s)
027.576  000.031  000.031: sourcing /opt/homebrew/Cellar/neovim/0.8.1/share/nvim/runtime/filetype.lua
027.653  000.014  000.014: sourcing /opt/homebrew/Cellar/neovim/0.8.1/share/nvim/runtime/filetype.vim
027.945  000.082  000.082: sourcing /opt/homebrew/Cellar/neovim/0.8.1/share/nvim/runtime/syntax/synload.vim
028.015  000.263  000.181: sourcing /opt/homebrew/Cellar/neovim/0.8.1/share/nvim/runtime/syntax/syntax.vim
028.027  000.286: inits 3
029.594  001.567: reading ShaDa
029.663  000.069: opening buffers
029.666  000.003: BufEnter autocommands
029.669  000.002: editing files in windows
030.832  000.285  000.285: require('fidget.log')
030.839  000.905  000.621: require('fidget')
031.105  000.178  000.178: require('fidget.spinners')
031.443  000.037  000.037: sourcing /Users/t-zukawa/.local/share/nvim/lazy/nvim-web-devicons/plugin/nvim-web-devicons.vim
032.357  000.150  000.150: require('lualine_require')
032.643  001.083  000.933: require('lualine')
034.654  000.104  000.104: require('lualine.utils.mode')
036.586  004.610: VimEnter autocommands
036.588  000.003: UIEnter autocommands
036.905  000.195  000.195: sourcing /opt/homebrew/Cellar/neovim/0.8.1/share/nvim/runtime/autoload/provider/clipboard.vim
036.911  000.128: before starting main loop
037.260  000.349: first screen update
037.261  000.001: --- NVIM STARTED ---
